evaluation\radiologist_agreement.py:125: error: Dict entry 5 has incompatible type "str": "str"; expected "str": "float"  [dict-item]
evaluation\radiologist_agreement.py:202: error: Dict entry 5 has incompatible type "str": "str"; expected "str": "float"  [dict-item]
evaluation\radiologist_agreement.py:296: error: Dict entry 6 has incompatible type "str": "str"; expected "str": "float"  [dict-item]
evaluation\radiologist_agreement.py:598: error: Unsupported operand types for * ("object" and "int")  [operator]
evaluation\radiologist_agreement.py:604: error: "object" has no attribute "__iter__"; maybe "__dir__" or "__str__"? (not iterable)  [attr-defined]
evaluation\radiologist_agreement.py:607: error: Value of type "object" is not indexable  [index]
evaluation\radiologist_agreement.py:610: error: Value of type "object" is not indexable  [index]
evaluation\radiologist_agreement.py:614: error: Unsupported operand types for < ("float" and "object")  [operator]
evaluation\radiologist_agreement.py:615: error: Unsupported operand types for < ("float" and "object")  [operator]
training\lr_scheduler.py:109: error: List comprehension has incompatible type List[float | Tensor]; expected List[float]  [misc]
training\lr_scheduler.py:120: error: List comprehension has incompatible type List[float | Tensor]; expected List[float]  [misc]
training\lr_scheduler.py:225: error: Incompatible types in assignment (expression has type "StepLR", variable has type "WarmupCosineScheduler")  [assignment]
training\lr_scheduler.py:232: error: Incompatible types in assignment (expression has type "ReduceLROnPlateau", variable has type "WarmupCosineScheduler")  [assignment]
training\lr_scheduler.py:241: error: Incompatible types in assignment (expression has type "PolynomialLR", variable has type "WarmupCosineScheduler")  [assignment]
training\lr_scheduler.py:341: error: Value of type "Collection[str]" is not indexable  [index]
training\lr_scheduler.py:349: error: Argument 1 to "step" of "LRScheduler" has incompatible type "float"; expected "int | None"  [arg-type]
models\sam2_finetune.py:138: error: Unsupported operand types for + ("Tensor" and "None")  [operator]
models\sam2_finetune.py:138: note: Right operand is of type "Tensor | None"
evaluation\uncertainty_calibration.py:52: error: Name "Tuple" is not defined  [name-defined]
evaluation\uncertainty_calibration.py:52: note: Did you forget to import it from "typing"? (Suggestion: "from typing import Tuple")
evaluation\uncertainty_calibration.py:295: error: Name "Tensor" is not defined  [name-defined]
evaluation\uncertainty_calibration.py:296: error: Name "Tensor" is not defined  [name-defined]
evaluation\uncertainty_calibration.py:297: error: Name "Tensor" is not defined  [name-defined]
data\augmentation.py:63: error: Argument 1 to "flip" has incompatible type "Tensor | str | int"; expected "Tensor"  [arg-type]
data\augmentation.py:64: error: Argument 1 to "flip" has incompatible type "Tensor | str | int"; expected "Tensor"  [arg-type]
data\augmentation.py:86: error: Argument 1 to "flip" has incompatible type "Tensor | str | int"; expected "Tensor"  [arg-type]
data\augmentation.py:87: error: Argument 1 to "flip" has incompatible type "Tensor | str | int"; expected "Tensor"  [arg-type]
data\augmentation.py:114: error: Argument 1 to "randn_like" has incompatible type "Tensor | str | int"; expected "Tensor"  [arg-type]
data\augmentation.py:115: error: Unsupported operand types for + ("str" and "Tensor")  [operator]
data\augmentation.py:115: note: Left operand is of type "Tensor | str | int"
data\augmentation.py:141: error: Argument 1 to "clamp" has incompatible type "Tensor | Any | float"; expected "Tensor"  [arg-type]
data\augmentation.py:141: error: Unsupported operand types for + ("str" and "float")  [operator]
data\augmentation.py:141: note: Left operand is of type "Tensor | str | int"
data\augmentation.py:183: error: Item "str" of "Tensor | str | int" has no attribute "unsqueeze"  [union-attr]
data\augmentation.py:183: error: Item "int" of "Tensor | str | int" has no attribute "unsqueeze"  [union-attr]
data\augmentation.py:184: error: Item "str" of "Tensor | str | int" has no attribute "unsqueeze"  [union-attr]
data\augmentation.py:184: error: Item "int" of "Tensor | str | int" has no attribute "unsqueeze"  [union-attr]
data\augmentation.py:186: error: Argument 2 to "affine_grid" has incompatible type "Size | Any"; expected "list[int]"  [arg-type]
data\augmentation.py:232: error: Item "str" of "Tensor | str | int" has no attribute "unsqueeze"  [union-attr]
data\augmentation.py:232: error: Item "int" of "Tensor | str | int" has no attribute "unsqueeze"  [union-attr]
data\augmentation.py:233: error: Item "str" of "Tensor | str | int" has no attribute "unsqueeze"  [union-attr]
data\augmentation.py:233: error: Item "int" of "Tensor | str | int" has no attribute "unsqueeze"  [union-attr]
data\augmentation.py:235: error: Argument 2 to "affine_grid" has incompatible type "Size | Any"; expected "list[int]"  [arg-type]
data\augmentation.py:261: error: Name "List" is not defined  [name-defined]
data\augmentation.py:261: note: Did you forget to import it from "typing"? (Suggestion: "from typing import List")
data\augmentation.py:261: error: Name "Callable" is not defined  [name-defined]
data\augmentation.py:261: note: Did you forget to import it from "typing"? (Suggestion: "from typing import Callable")
data\augmentation.py:291: error: Name "Optional" is not defined  [name-defined]
data\augmentation.py:291: note: Did you forget to import it from "typing"? (Suggestion: "from typing import Optional")
data\augmentation.py:292: error: Name "Callable" is not defined  [name-defined]
data\augmentation.py:292: note: Did you forget to import it from "typing"? (Suggestion: "from typing import Callable")
data\augmentation.py:330: error: Name "List" is not defined  [name-defined]
data\augmentation.py:330: note: Did you forget to import it from "typing"? (Suggestion: "from typing import List")
data\augmentation.py:402: error: Item "str" of "Tensor | str | int" has no attribute "shape"  [union-attr]
data\augmentation.py:402: error: Item "int" of "Tensor | str | int" has no attribute "shape"  [union-attr]
data\augmentation.py:402: error: Item "str" of "Tensor | str | int" has no attribute "sum"  [union-attr]
data\augmentation.py:402: error: Item "int" of "Tensor | str | int" has no attribute "sum"  [union-attr]
data\augmentation.py:416: error: Argument 2 to "allclose" has incompatible type "Tensor | str | int"; expected "Tensor"  [arg-type]
data\dataset.py:365: error: Too many values to unpack (2 expected, 4 provided)  [misc]
slicer_plugin\LungNoduleSeg.py:93: note: By default the bodies of untyped functions are not checked, consider using --check-untyped-defs  [annotation-unchecked]
slicer_plugin\LungNoduleSeg.py:407: note: By default the bodies of untyped functions are not checked, consider using --check-untyped-defs  [annotation-unchecked]
training\train.py:540: error: Argument 1 to "len" has incompatible type "Dataset[Any]"; expected "Sized"  [arg-type]
training\train.py:541: error: Argument 1 to "len" has incompatible type "Dataset[Any]"; expected "Sized"  [arg-type]
training\train.py:591: error: Incompatible types in assignment (expression has type "SGD", variable has type "AdamW")  [assignment]
training\train.py:810: error: Argument 1 to "step" of "LRScheduler" has incompatible type "float"; expected "int | None"  [arg-type]
evaluation\evaluate.py:466: error: Argument 1 to "len" has incompatible type "Dataset[Any]"; expected "Sized"  [arg-type]
Found 55 errors in 8 files (checked 24 source files)
